[himangmyid.github.io/febry/index.html]
[cdn.jsdelivr.net/npm/sweetalert2@11.0.19/dist/sweetalert2.all.min.js]
[himangmyid.github.io/febry/style.css]
[unpkg.com/typeit@8.7.0/dist/index.umd.js]
[backblue.gif]
[fade.gif]
[index.html]
[kit.fontawesome.com/4f3ce16e3e.js]
[himangmyid.github.io/febry/hbdfb.mp3]
[himangmyid.github.io/febry/gbr/febry.jpg]
[himangmyid.github.io/febry/gbr/kado.png]
[himangmyid.github.io/febry/gbr/bunga.gif]
[himangmyid.github.io/febry/gbr/pusn.gif]
[himangmyid.github.io/febry/gbr/pandacoklat.gif]
[himangmyid.github.io/febry/gbr/cilukba.gif]
[himangmyid.github.io/febry/gbr/pandakuning.gif]
[himangmyid.github.io/febry/gbr/emawh.gif]
[himangmyid.github.io/febry/gbr/weee.gif]
[himangmyid.github.io/febry/script.js]
[himangmyid.github.io/febry/index.html]
[himangmyid.github.io/febry/style.css]
